<?xml version="1.0" encoding="UTF-8"?>
<!-- Generated by org.testng.reporters.JUnitXMLReporter -->
<testsuite ignored="0" hostname="PF35M749" failures="3" tests="4" name="Test1" time="1.075" errors="0" timestamp="2023-03-10T10:14:55 CET">
  <testcase classname="TestCollection" name="loginWithUsernameAndPassword" time="0.31">
    <failure type="java.lang.AssertionError" message="Welcome message is displayed for incorrect login data expected [true] but found [false]">
      <![CDATA[java.lang.AssertionError: Welcome message is displayed for incorrect login data expected [true] but found [false]
at TestCollection.loginWithUsernameAndPassword(TestCollection.java:51)
at java.base/java.util.ArrayList.forEach(ArrayList.java:1511)
... Removed 30 stack frames]]>
    </failure>
  </testcase> <!-- loginWithUsernameAndPassword -->
  <testcase classname="TestCollection" name="loginWithUsernameAndPassword" time="0.187">
    <failure type="java.lang.AssertionError" message="Welcome message is displayed for incorrect login data expected [true] but found [false]">
      <![CDATA[java.lang.AssertionError: Welcome message is displayed for incorrect login data expected [true] but found [false]
at TestCollection.loginWithUsernameAndPassword(TestCollection.java:51)
at java.base/java.util.ArrayList.forEach(ArrayList.java:1511)
... Removed 30 stack frames]]>
    </failure>
  </testcase> <!-- loginWithUsernameAndPassword -->
  <testcase classname="TestCollection" name="loginWithUsernameAndPassword" time="0.191"/>
  <testcase classname="TestCollection" name="loginWithUsernameAndPassword" time="0.19">
    <failure type="java.lang.AssertionError" message="Welcome message is displayed for incorrect login data expected [true] but found [false]">
      <![CDATA[java.lang.AssertionError: Welcome message is displayed for incorrect login data expected [true] but found [false]
at TestCollection.loginWithUsernameAndPassword(TestCollection.java:51)
at java.base/java.util.ArrayList.forEach(ArrayList.java:1511)
... Removed 30 stack frames]]>
    </failure>
  </testcase> <!-- loginWithUsernameAndPassword -->
</testsuite> <!-- Test1 -->
