<?xml version="1.0" encoding="UTF-8"?>
<!-- Generated by org.testng.reporters.JUnitXMLReporter -->
<testsuite ignored="5" hostname="PF35M749" failures="0" tests="1" name="Add new connection and wait for validation" time="1.126" errors="0" timestamp="2023-04-12T23:30:37 CEST">
  <testcase classname="TestCases.TestCollection" name="expectedConditionTest" time="1.088"/>
  <testcase classname="TestCases.TestCollection" name="loginWithCorrectUsernameAndPassword" time="0.0">
    <ignored/>
  </testcase> <!-- loginWithCorrectUsernameAndPassword -->
  <testcase classname="TestCases.TestCollection" name="createNewConnection" time="0.0">
    <ignored/>
  </testcase> <!-- createNewConnection -->
  <testcase classname="TestCases.TestCollection" name="createNewConnectionAndValidateStats" time="0.0">
    <ignored/>
  </testcase> <!-- createNewConnectionAndValidateStats -->
  <testcase classname="TestCases.TestCollection" name="javaScriptTest" time="0.0">
    <ignored/>
  </testcase> <!-- javaScriptTest -->
  <testcase classname="TestCases.TestCollection" name="loginWithUsernameAndPassword" time="0.0">
    <ignored/>
  </testcase> <!-- loginWithUsernameAndPassword -->
</testsuite> <!-- Add new connection and wait for validation -->
