<?xml version="1.0" encoding="UTF-8"?>
<!-- Generated by org.testng.reporters.JUnitXMLReporter -->
<testsuite ignored="5" hostname="PF35M749" failures="0" tests="1" name="Create connection and validate stats" time="1.238" errors="0" timestamp="2023-03-29T18:30:19 CEST">
  <testcase classname="TestCases.TestCollection" name="createNewConnectionAndValidateStats" time="1.171"/>
  <testcase classname="TestCases.TestCollection" name="createNewConnection" time="0.0">
    <ignored/>
  </testcase> <!-- createNewConnection -->
  <testcase classname="TestCases.TestCollection" name="expectedConditionTest" time="0.0">
    <ignored/>
  </testcase> <!-- expectedConditionTest -->
  <testcase classname="TestCases.TestCollection" name="javaScriptTest" time="0.0">
    <ignored/>
  </testcase> <!-- javaScriptTest -->
  <testcase classname="TestCases.TestCollection" name="loginWithUsernameAndPassword" time="0.0">
    <ignored/>
  </testcase> <!-- loginWithUsernameAndPassword -->
  <testcase classname="TestCases.TestCollection" name="loginWithCorrectUsernameAndPassword" time="0.0">
    <ignored/>
  </testcase> <!-- loginWithCorrectUsernameAndPassword -->
</testsuite> <!-- Create connection and validate stats -->
