<?xml version="1.0" encoding="UTF-8"?>
<!-- Generated by org.testng.reporters.JUnitXMLReporter -->
<testsuite ignored="4" hostname="PF35M749" failures="0" tests="1" name="CreateConnectionTest Success" time="0.905" errors="0" timestamp="2023-03-23T21:22:01 CET">
  <testcase classname="TestCollection" name="createNewConnection" time="0.858"/>
  <testcase classname="TestCollection" name="javaScriptTest" time="0.0">
    <ignored/>
  </testcase> <!-- javaScriptTest -->
  <testcase classname="TestCollection" name="createNewConnectionAndValidateStats" time="0.0">
    <ignored/>
  </testcase> <!-- createNewConnectionAndValidateStats -->
  <testcase classname="TestCollection" name="loginWithUsernameAndPassword" time="0.0">
    <ignored/>
  </testcase> <!-- loginWithUsernameAndPassword -->
  <testcase classname="TestCollection" name="loginWithCorrectUsernameAndPassword" time="0.0">
    <ignored/>
  </testcase> <!-- loginWithCorrectUsernameAndPassword -->
</testsuite> <!-- CreateConnectionTest Success -->
