<?xml version="1.0" encoding="UTF-8"?>
<!-- Generated by org.testng.reporters.JUnitXMLReporter -->
<testsuite ignored="5" hostname="PF35M749" failures="0" tests="1" name="CreateConnectionTest Success" time="1.082" errors="0" timestamp="2023-03-29T18:30:18 CEST">
  <testcase classname="TestCases.TestCollection" name="createNewConnection" time="1.021"/>
  <testcase classname="TestCases.TestCollection" name="loginWithCorrectUsernameAndPassword" time="0.0">
    <ignored/>
  </testcase> <!-- loginWithCorrectUsernameAndPassword -->
  <testcase classname="TestCases.TestCollection" name="expectedConditionTest" time="0.0">
    <ignored/>
  </testcase> <!-- expectedConditionTest -->
  <testcase classname="TestCases.TestCollection" name="javaScriptTest" time="0.0">
    <ignored/>
  </testcase> <!-- javaScriptTest -->
  <testcase classname="TestCases.TestCollection" name="createNewConnectionAndValidateStats" time="0.0">
    <ignored/>
  </testcase> <!-- createNewConnectionAndValidateStats -->
  <testcase classname="TestCases.TestCollection" name="loginWithUsernameAndPassword" time="0.0">
    <ignored/>
  </testcase> <!-- loginWithUsernameAndPassword -->
</testsuite> <!-- CreateConnectionTest Success -->
