<?xml version="1.0" encoding="UTF-8"?>
<!-- Generated by org.testng.reporters.JUnitXMLReporter -->
<testsuite ignored="5" hostname="PF35M749" failures="0" tests="1" name="Create connection and validate stats" time="1.323" errors="0" timestamp="2023-03-24T09:54:53 CET">
  <testcase classname="TestCollection" name="createNewConnectionAndValidateStats" time="1.254"/>
  <testcase classname="TestCollection" name="expectedConditionTest" time="0.0">
    <ignored/>
  </testcase> <!-- expectedConditionTest -->
  <testcase classname="TestCollection" name="loginWithCorrectUsernameAndPassword" time="0.0">
    <ignored/>
  </testcase> <!-- loginWithCorrectUsernameAndPassword -->
  <testcase classname="TestCollection" name="createNewConnection" time="0.0">
    <ignored/>
  </testcase> <!-- createNewConnection -->
  <testcase classname="TestCollection" name="javaScriptTest" time="0.0">
    <ignored/>
  </testcase> <!-- javaScriptTest -->
  <testcase classname="TestCollection" name="loginWithUsernameAndPassword" time="0.0">
    <ignored/>
  </testcase> <!-- loginWithUsernameAndPassword -->
</testsuite> <!-- Create connection and validate stats -->
