<?xml version="1.0" encoding="UTF-8"?>
<!-- Generated by org.testng.reporters.JUnitXMLReporter -->
<testsuite ignored="1" hostname="PF35M749" failures="1" tests="4" name="LoginTest Error" time="1.095" errors="0" timestamp="2023-03-16T23:04:07 CET">
  <testcase classname="TestCollection" name="loginWithUsernameAndPassword" time="0.307"/>
  <testcase classname="TestCollection" name="loginWithUsernameAndPassword" time="0.176"/>
  <testcase classname="TestCollection" name="loginWithUsernameAndPassword" time="0.2">
    <failure type="java.lang.AssertionError" message="Welcome message is displayed for incorrect login data expected [false] but found [true]">
      <![CDATA[java.lang.AssertionError: Welcome message is displayed for incorrect login data expected [false] but found [true]
at TestCollection.loginWithUsernameAndPassword(TestCollection.java:42)
at java.base/java.util.ArrayList.forEach(ArrayList.java:1511)
... Removed 32 stack frames]]>
    </failure>
  </testcase> <!-- loginWithUsernameAndPassword -->
  <testcase classname="TestCollection" name="loginWithUsernameAndPassword" time="0.167"/>
  <testcase classname="TestCollection" name="loginWithCorrectUsernameAndPassword" time="0.0">
    <ignored/>
  </testcase> <!-- loginWithCorrectUsernameAndPassword -->
</testsuite> <!-- LoginTest Error -->
