<?xml version="1.0" encoding="UTF-8"?>
<!-- Generated by org.testng.reporters.JUnitXMLReporter -->
<testsuite ignored="2" hostname="PF35M749" failures="1" tests="1" name="LoginTest Success" time="0.197" errors="0" timestamp="2023-03-17T10:37:30 CET">
  <testcase classname="TestCollection" name="loginWithCorrectUsernameAndPassword" time="0.16">
    <failure type="org.openqa.selenium.ElementNotInteractableException" message="element not interactable
  (Session info: MicrosoftEdge=111.0.1661.41)
Build info: version: &amp;apos;4.8.1&amp;apos;, revision: &amp;apos;8ebccac989&amp;apos;
System info: os.name: &amp;apos;Windows 10&amp;apos;, os.arch: &amp;apos;amd64&amp;apos;, os.version: &amp;apos;10.0&amp;apos;, java.version: &amp;apos;19.0.2&amp;apos;
Driver info: org.openqa.selenium.edge.EdgeDriver
Command: [020dff2883d837e5143d3efbbf411c76, clearElement {id=78fe4a18-a3ad-4756-8fbf-3fa33176b3b6}]
Capabilities {acceptInsecureCerts: false, browserName: msedge, browserVersion: 111.0.1661.41, ms:edgeOptions: {debuggerAddress: localhost:64022}, msedge: {msedgedriverVersion: 110.0.1587.57 (01109f626421..., userDataDir: C:\Users\YTACK\AppData\Loca...}, networkConnectionEnabled: false, pageLoadStrategy: normal, platformName: WINDOWS, proxy: Proxy(), se:cdp: ws://localhost:64022/devtoo..., se:cdpVersion: 111.0.1661.41, setWindowRect: true, strictFileInteractability: false, timeouts: {implicit: 0, pageLoad: 300000, script: 30000}, unhandledPromptBehavior: dismiss and notify, webauthn:extension:credBlob: true, webauthn:extension:largeBlob: true, webauthn:virtualAuthenticators: true}
Element: [[EdgeDriver: msedge on WINDOWS (020dff2883d837e5143d3efbbf411c76)] -&amp;gt; id: username]
Session ID: 020dff2883d837e5143d3efbbf411c76">
      <![CDATA[org.openqa.selenium.ElementNotInteractableException: element not interactable
  (Session info: MicrosoftEdge=111.0.1661.41)
Build info: version: '4.8.1', revision: '8ebccac989'
System info: os.name: 'Windows 10', os.arch: 'amd64', os.version: '10.0', java.version: '19.0.2'
Driver info: org.openqa.selenium.edge.EdgeDriver
Command: [020dff2883d837e5143d3efbbf411c76, clearElement {id=78fe4a18-a3ad-4756-8fbf-3fa33176b3b6}]
Capabilities {acceptInsecureCerts: false, browserName: msedge, browserVersion: 111.0.1661.41, ms:edgeOptions: {debuggerAddress: localhost:64022}, msedge: {msedgedriverVersion: 110.0.1587.57 (01109f626421..., userDataDir: C:\Users\YTACK\AppData\Loca...}, networkConnectionEnabled: false, pageLoadStrategy: normal, platformName: WINDOWS, proxy: Proxy(), se:cdp: ws://localhost:64022/devtoo..., se:cdpVersion: 111.0.1661.41, setWindowRect: true, strictFileInteractability: false, timeouts: {implicit: 0, pageLoad: 300000, script: 30000}, unhandledPromptBehavior: dismiss and notify, webauthn:extension:credBlob: true, webauthn:extension:largeBlob: true, webauthn:virtualAuthenticators: true}
Element: [[EdgeDriver: msedge on WINDOWS (020dff2883d837e5143d3efbbf411c76)] -> id: username]
Session ID: 020dff2883d837e5143d3efbbf411c76
at org.openqa.selenium.remote.codec.w3c.W3CHttpResponseCodec.createException(W3CHttpResponseCodec.java:200)
at org.openqa.selenium.remote.codec.w3c.W3CHttpResponseCodec.decode(W3CHttpResponseCodec.java:133)
at org.openqa.selenium.remote.codec.w3c.W3CHttpResponseCodec.decode(W3CHttpResponseCodec.java:53)
at org.openqa.selenium.remote.HttpCommandExecutor.execute(HttpCommandExecutor.java:184)
at org.openqa.selenium.remote.service.DriverCommandExecutor.invokeExecute(DriverCommandExecutor.java:167)
at org.openqa.selenium.remote.service.DriverCommandExecutor.execute(DriverCommandExecutor.java:142)
at org.openqa.selenium.remote.RemoteWebDriver.execute(RemoteWebDriver.java:543)
at org.openqa.selenium.remote.RemoteWebElement.execute(RemoteWebElement.java:257)
at org.openqa.selenium.remote.RemoteWebElement.clear(RemoteWebElement.java:132)
at org.openqa.selenium.support.pagefactory.internal.LocatingElementHandler.invoke(LocatingElementHandler.java:52)
at jdk.proxy2/jdk.proxy2.$Proxy15.clear(Unknown Source)
at pageObjects.LoginPage.loginWith(LoginPage.java:39)
at pageObjects.LoginPage.loginAsAdmin(LoginPage.java:51)
at TestCollection.loginWithCorrectUsernameAndPassword(TestCollection.java:57)
at java.base/java.util.ArrayList.forEach(ArrayList.java:1511)
... Removed 34 stack frames]]>
    </failure>
  </testcase> <!-- loginWithCorrectUsernameAndPassword -->
  <testcase classname="TestCollection" name="createNewConnection" time="0.0">
    <ignored/>
  </testcase> <!-- createNewConnection -->
  <testcase classname="TestCollection" name="loginWithUsernameAndPassword" time="0.0">
    <ignored/>
  </testcase> <!-- loginWithUsernameAndPassword -->
</testsuite> <!-- LoginTest Success -->
