<?xml version="1.0" encoding="UTF-8"?>
<!-- Generated by org.testng.reporters.JUnitXMLReporter -->
<testsuite ignored="5" hostname="PF35M749" failures="0" tests="1" name="LoginTest Success" time="0.444" errors="0" timestamp="2023-03-29T18:30:17 CEST">
  <testcase classname="TestCases.TestCollection" name="loginWithCorrectUsernameAndPassword" time="0.392"/>
  <testcase classname="TestCases.TestCollection" name="loginWithUsernameAndPassword" time="0.0">
    <ignored/>
  </testcase> <!-- loginWithUsernameAndPassword -->
  <testcase classname="TestCases.TestCollection" name="expectedConditionTest" time="0.0">
    <ignored/>
  </testcase> <!-- expectedConditionTest -->
  <testcase classname="TestCases.TestCollection" name="javaScriptTest" time="0.0">
    <ignored/>
  </testcase> <!-- javaScriptTest -->
  <testcase classname="TestCases.TestCollection" name="createNewConnection" time="0.0">
    <ignored/>
  </testcase> <!-- createNewConnection -->
  <testcase classname="TestCases.TestCollection" name="createNewConnectionAndValidateStats" time="0.0">
    <ignored/>
  </testcase> <!-- createNewConnectionAndValidateStats -->
</testsuite> <!-- LoginTest Success -->
