<?xml version="1.0" encoding="UTF-8"?>
<!-- Generated by org.testng.reporters.JUnitXMLReporter -->
<testsuite ignored="5" hostname="PF35M749" failures="0" tests="1" name="Reset and repopulate using javascript" time="0.389" errors="0" timestamp="2023-04-12T23:30:36 CEST">
  <testcase classname="TestCases.TestCollection" name="javaScriptTest" time="0.357"/>
  <testcase classname="TestCases.TestCollection" name="expectedConditionTest" time="0.0">
    <ignored/>
  </testcase> <!-- expectedConditionTest -->
  <testcase classname="TestCases.TestCollection" name="loginWithCorrectUsernameAndPassword" time="0.0">
    <ignored/>
  </testcase> <!-- loginWithCorrectUsernameAndPassword -->
  <testcase classname="TestCases.TestCollection" name="createNewConnectionAndValidateStats" time="0.0">
    <ignored/>
  </testcase> <!-- createNewConnectionAndValidateStats -->
  <testcase classname="TestCases.TestCollection" name="loginWithUsernameAndPassword" time="0.0">
    <ignored/>
  </testcase> <!-- loginWithUsernameAndPassword -->
  <testcase classname="TestCases.TestCollection" name="createNewConnection" time="0.0">
    <ignored/>
  </testcase> <!-- createNewConnection -->
</testsuite> <!-- Reset and repopulate using javascript -->
