<?xml version="1.0" encoding="UTF-8"?>
<!-- Generated by org.testng.reporters.JUnitXMLReporter -->
<testsuite ignored="1" hostname="PF35M749" failures="0" tests="1" name="LoginTest Success" time="0.004" errors="0" timestamp="2023-03-16T22:54:14 CET">
  <testcase classname="TestCollection" name="loginWithCorrectUsernameAndPassword" time="0.0">
    <skipped/>
  </testcase> <!-- loginWithCorrectUsernameAndPassword -->
  <testcase classname="TestCollection" name="loginWithUsernameAndPassword" time="0.0">
    <ignored/>
  </testcase> <!-- loginWithUsernameAndPassword -->
</testsuite> <!-- LoginTest Success -->
