<?xml version="1.0" encoding="UTF-8"?>
<!-- Generated by org.testng.reporters.JUnitXMLReporter -->
<testsuite ignored="1" hostname="PF35M749" failures="0" tests="1" name="LoginTest Success" time="0.27" errors="0" timestamp="2023-03-10T10:22:52 CET">
  <testcase classname="TestCollection" name="loginWithCorrectUsernameAndPassword" time="0.227"/>
  <testcase classname="TestCollection" name="loginWithUsernameAndPassword" time="0.0">
    <ignored/>
  </testcase> <!-- loginWithUsernameAndPassword -->
</testsuite> <!-- LoginTest Success -->
