<?xml version="1.0" encoding="UTF-8"?>
<!-- Generated by org.testng.reporters.JUnitXMLReporter -->
<testsuite ignored="1" hostname="PF35M749" failures="0" tests="1" name="LoginTest Success" time="0.211" errors="0" timestamp="2023-03-10T11:20:31 CET">
  <testcase classname="TestCollection" name="loginWithCorrectUsernameAndPassword" time="0.175"/>
  <testcase classname="TestCollection" name="loginWithUsernameAndPassword" time="0.0">
    <ignored/>
  </testcase> <!-- loginWithUsernameAndPassword -->
</testsuite> <!-- LoginTest Success -->
