<?xml version="1.0" encoding="UTF-8"?>
<testng-results ignored="20" total="28" passed="8" failed="0" skipped="0">
  <reporter-output>
  </reporter-output>
  <suite started-at="2023-03-23T21:21:59 CET" name="Login Test Suite" finished-at="2023-03-23T21:22:03 CET" duration-ms="3862">
    <groups>
    </groups>
    <test started-at="2023-03-23T21:21:59 CET" name="LoginTest Error" finished-at="2023-03-23T21:22:00 CET" duration-ms="1163">
      <class name="TestCollection">
        <test-method is-config="true" signature="beforeMethod()[pri:0, instance:TestCollection@158da8e]" started-at="2023-03-23T21:21:59 CET" name="beforeMethod" finished-at="2023-03-23T21:21:59 CET" duration-ms="89" status="PASS">
          <reporter-output>
          </reporter-output>
        </test-method> <!-- beforeMethod -->
        <test-method signature="loginWithUsernameAndPassword(java.lang.String,java.lang.String)[pri:0, instance:TestCollection@158da8e]" started-at="2023-03-23T21:21:59 CET" name="loginWithUsernameAndPassword" data-provider="LoginTest Error" finished-at="2023-03-23T21:21:59 CET" duration-ms="294" status="PASS">
          <params>
            <param index="0">
              <value>
                <![CDATA[admin]]>
              </value>
            </param>
            <param index="1">
              <value>
                <![CDATA[invalidPassword]]>
              </value>
            </param>
          </params>
          <reporter-output>
          </reporter-output>
        </test-method> <!-- loginWithUsernameAndPassword -->
        <test-method is-config="true" signature="beforeMethod()[pri:0, instance:TestCollection@158da8e]" started-at="2023-03-23T21:21:59 CET" name="beforeMethod" finished-at="2023-03-23T21:22:00 CET" duration-ms="41" status="PASS">
          <reporter-output>
          </reporter-output>
        </test-method> <!-- beforeMethod -->
        <test-method signature="loginWithUsernameAndPassword(java.lang.String,java.lang.String)[pri:0, instance:TestCollection@158da8e]" started-at="2023-03-23T21:22:00 CET" name="loginWithUsernameAndPassword" data-provider="LoginTest Error" finished-at="2023-03-23T21:22:00 CET" duration-ms="237" status="PASS">
          <params>
            <param index="0">
              <value>
                <![CDATA[invalidUser]]>
              </value>
            </param>
            <param index="1">
              <value>
                <![CDATA[superduper]]>
              </value>
            </param>
          </params>
          <reporter-output>
          </reporter-output>
        </test-method> <!-- loginWithUsernameAndPassword -->
        <test-method is-config="true" signature="beforeMethod()[pri:0, instance:TestCollection@158da8e]" started-at="2023-03-23T21:22:00 CET" name="beforeMethod" finished-at="2023-03-23T21:22:00 CET" duration-ms="40" status="PASS">
          <reporter-output>
          </reporter-output>
        </test-method> <!-- beforeMethod -->
        <test-method signature="loginWithUsernameAndPassword(java.lang.String,java.lang.String)[pri:0, instance:TestCollection@158da8e]" started-at="2023-03-23T21:22:00 CET" name="loginWithUsernameAndPassword" data-provider="LoginTest Error" finished-at="2023-03-23T21:22:00 CET" duration-ms="186" status="PASS">
          <params>
            <param index="0">
              <value>
                <![CDATA[admin]]>
              </value>
            </param>
            <param index="1">
              <value>
                <![CDATA[Superduper]]>
              </value>
            </param>
          </params>
          <reporter-output>
          </reporter-output>
        </test-method> <!-- loginWithUsernameAndPassword -->
        <test-method is-config="true" signature="beforeMethod()[pri:0, instance:TestCollection@158da8e]" started-at="2023-03-23T21:22:00 CET" name="beforeMethod" finished-at="2023-03-23T21:22:00 CET" duration-ms="30" status="PASS">
          <reporter-output>
          </reporter-output>
        </test-method> <!-- beforeMethod -->
        <test-method signature="loginWithUsernameAndPassword(java.lang.String,java.lang.String)[pri:0, instance:TestCollection@158da8e]" started-at="2023-03-23T21:22:00 CET" name="loginWithUsernameAndPassword" data-provider="LoginTest Error" finished-at="2023-03-23T21:22:00 CET" duration-ms="198" status="PASS">
          <params>
            <param index="0">
              <value>
                <![CDATA[/]]>
              </value>
            </param>
            <param index="1">
              <value>
                <![CDATA[/]]>
              </value>
            </param>
          </params>
          <reporter-output>
          </reporter-output>
        </test-method> <!-- loginWithUsernameAndPassword -->
      </class> <!-- TestCollection -->
    </test> <!-- LoginTest Error -->
    <test started-at="2023-03-23T21:22:00 CET" name="LoginTest Success" finished-at="2023-03-23T21:22:01 CET" duration-ms="291">
      <class name="TestCollection">
        <test-method is-config="true" signature="beforeMethod()[pri:0, instance:TestCollection@49ec71f8]" started-at="2023-03-23T21:22:00 CET" name="beforeMethod" finished-at="2023-03-23T21:22:00 CET" duration-ms="44" status="PASS">
          <reporter-output>
          </reporter-output>
        </test-method> <!-- beforeMethod -->
        <test-method signature="loginWithCorrectUsernameAndPassword()[pri:0, instance:TestCollection@49ec71f8]" started-at="2023-03-23T21:22:00 CET" name="loginWithCorrectUsernameAndPassword" finished-at="2023-03-23T21:22:01 CET" duration-ms="245" status="PASS">
          <reporter-output>
          </reporter-output>
        </test-method> <!-- loginWithCorrectUsernameAndPassword -->
      </class> <!-- TestCollection -->
    </test> <!-- LoginTest Success -->
    <test started-at="2023-03-23T21:22:01 CET" name="CreateConnectionTest Success" finished-at="2023-03-23T21:22:01 CET" duration-ms="905">
      <class name="TestCollection">
        <test-method is-config="true" signature="beforeMethod()[pri:0, instance:TestCollection@223d2c72]" started-at="2023-03-23T21:22:01 CET" name="beforeMethod" finished-at="2023-03-23T21:22:01 CET" duration-ms="45" status="PASS">
          <reporter-output>
          </reporter-output>
        </test-method> <!-- beforeMethod -->
        <test-method signature="createNewConnection()[pri:0, instance:TestCollection@223d2c72]" started-at="2023-03-23T21:22:01 CET" name="createNewConnection" finished-at="2023-03-23T21:22:01 CET" duration-ms="858" status="PASS">
          <reporter-output>
          </reporter-output>
        </test-method> <!-- createNewConnection -->
      </class> <!-- TestCollection -->
    </test> <!-- CreateConnectionTest Success -->
    <test started-at="2023-03-23T21:22:01 CET" name="Create connection and validate stats" finished-at="2023-03-23T21:22:03 CET" duration-ms="1044">
      <class name="TestCollection">
        <test-method is-config="true" signature="beforeMethod()[pri:0, instance:TestCollection@3febb011]" started-at="2023-03-23T21:22:01 CET" name="beforeMethod" finished-at="2023-03-23T21:22:02 CET" duration-ms="55" status="PASS">
          <reporter-output>
          </reporter-output>
        </test-method> <!-- beforeMethod -->
        <test-method signature="createNewConnectionAndValidateStats()[pri:0, instance:TestCollection@3febb011]" started-at="2023-03-23T21:22:02 CET" name="createNewConnectionAndValidateStats" finished-at="2023-03-23T21:22:03 CET" duration-ms="988" status="PASS">
          <reporter-output>
          </reporter-output>
        </test-method> <!-- createNewConnectionAndValidateStats -->
      </class> <!-- TestCollection -->
    </test> <!-- Create connection and validate stats -->
    <test started-at="2023-03-23T21:22:03 CET" name="Reset and repopulate using javascript" finished-at="2023-03-23T21:22:03 CET" duration-ms="395">
      <class name="TestCollection">
        <test-method is-config="true" signature="setup()[pri:0, instance:TestCollection@77847718]" started-at="2023-03-23T21:21:56 CET" name="setup" finished-at="2023-03-23T21:21:59 CET" duration-ms="3048" status="PASS">
          <reporter-output>
          </reporter-output>
        </test-method> <!-- setup -->
        <test-method is-config="true" signature="beforeMethod()[pri:0, instance:TestCollection@77847718]" started-at="2023-03-23T21:22:03 CET" name="beforeMethod" finished-at="2023-03-23T21:22:03 CET" duration-ms="41" status="PASS">
          <reporter-output>
          </reporter-output>
        </test-method> <!-- beforeMethod -->
        <test-method signature="javaScriptTest()[pri:0, instance:TestCollection@77847718]" started-at="2023-03-23T21:22:03 CET" name="javaScriptTest" finished-at="2023-03-23T21:22:03 CET" duration-ms="353" status="PASS">
          <reporter-output>
          </reporter-output>
        </test-method> <!-- javaScriptTest -->
        <test-method is-config="true" signature="teardown()[pri:0, instance:TestCollection@77847718]" started-at="2023-03-23T21:22:03 CET" name="teardown" finished-at="2023-03-23T21:22:03 CET" duration-ms="309" status="PASS">
          <reporter-output>
          </reporter-output>
        </test-method> <!-- teardown -->
      </class> <!-- TestCollection -->
    </test> <!-- Reset and repopulate using javascript -->
  </suite> <!-- Login Test Suite -->
</testng-results>
