<?xml version="1.0" encoding="UTF-8"?>
<testsuite xmlns:xsi="http://www.w3.org/2001/XMLSchema-instance" xsi:noNamespaceSchemaLocation="https://maven.apache.org/surefire/maven-surefire-plugin/xsd/surefire-test-report-3.0.xsd" version="3.0" name="TestSuite" time="13.079" tests="10" errors="0" skipped="0" failures="0">
  <properties>
[...]
</properties>
  <testcase name="loginWithUsernameAndPassword[admin, invalidPassword](1)" classname="TestCases.TestCollection" time="0.321">
    <system-out><![CDATA[logout
Bool: false
]]></system-out>
    <system-err><![CDATA[SLF4J: Failed to load class "org.slf4j.impl.StaticLoggerBinder".
SLF4J: Defaulting to no-operation (NOP) logger implementation
SLF4J: See http://www.slf4j.org/codes.html#StaticLoggerBinder for further details.
Starting Microsoft Edge WebDriver 110.0.1587.57 (01109f62642156c7eedb96d3c6fce911f01a896c) on port 32006
To submit feedback, report a bug, or suggest new features, please visit https://github.com/MicrosoftEdge/EdgeWebDriver

Only local connections are allowed.
Please see https://aka.ms/WebDriverSecurity for suggestions on keeping Microsoft Edge WebDriver safe.

Microsoft Edge WebDriver was started successfully.
[1680107413.933][WARNING]: This version of Microsoft Edge WebDriver has not been tested with Microsoft Edge version 111.
[1680107413.966][WARNING]: virtual void DevToolsClientImpl::AddListener(DevToolsEventListener *) subscribing a listener to the already connected DevToolsClient. Connection notification will not arrive.
mrt. 29, 2023 6:30:14 P.M. org.openqa.selenium.devtools.CdpVersionFinder findNearestMatch
WARNING: Unable to find an exact match for CDP version 111, so returning the closest version found: 110
]]></system-err>
  </testcase>
  <testcase name="loginWithUsernameAndPassword[invalidUser, superduper](2)" classname="TestCases.TestCollection" time="0.201">
    <system-out><![CDATA[loginWithUsernameAndPassword: PASS
Test staus: 1
logout
Bool: false
]]></system-out>
  </testcase>
  <testcase name="loginWithUsernameAndPassword[admin, Superduper](3)" classname="TestCases.TestCollection" time="0.187">
    <system-out><![CDATA[loginWithUsernameAndPassword: PASS
Test staus: 1
logout
Bool: false
]]></system-out>
  </testcase>
  <testcase name="loginWithUsernameAndPassword[/, /](4)" classname="TestCases.TestCollection" time="0.205">
    <system-out><![CDATA[loginWithUsernameAndPassword: PASS
Test staus: 1
logout
Bool: false
]]></system-out>
  </testcase>
  <testcase name="loginWithUsernameAndPassword[admin, superduper](5)" classname="TestCases.TestCollection" time="0.286">
    <system-out><![CDATA[loginWithUsernameAndPassword: PASS
Test staus: 1
logout
Bool: true
]]></system-out>
  </testcase>
  <testcase name="loginWithCorrectUsernameAndPassword" classname="TestCases.TestCollection" time="0.393">
    <system-out><![CDATA[loginWithUsernameAndPassword: PASS
Test staus: 1
logout
Bool: true
]]></system-out>
  </testcase>
  <testcase name="createNewConnection" classname="TestCases.TestCollection" time="1.012">
    <system-out><![CDATA[loginWithCorrectUsernameAndPassword: PASS
Test staus: 1
logout
Validating feedback text: Connection 'Yannis Tack' added.
]]></system-out>
  </testcase>
  <testcase name="createNewConnectionAndValidateStats" classname="TestCases.TestCollection" time="1.167">
    <system-out><![CDATA[createNewConnection: PASS
Test staus: 1
logout
Validating table row count.
Validating testing stat cell.
Returning cell text for stat 'Testing'= 2
Returning cell text for stat 'Testing'= 2
]]></system-out>
  </testcase>
  <testcase name="javaScriptTest" classname="TestCases.TestCollection" time="0.358">
    <system-out><![CDATA[createNewConnectionAndValidateStats: PASS
Test staus: 1
logout
Returning cell text for stat 'Total connections'= N/A
]]></system-out>
  </testcase>
  <testcase name="expectedConditionTest" classname="TestCases.TestCollection" time="1.093">
    <system-out><![CDATA[javaScriptTest: PASS
Test staus: 1
logout
]]></system-out>
  </testcase>
</testsuite>