<?xml version="1.0" encoding="UTF-8"?>
<testng-results ignored="30" total="39" passed="9" failed="0" skipped="0">
  <reporter-output>
  </reporter-output>
  <suite started-at="2023-03-23T22:41:57 CET" name="Login Test Suite" finished-at="2023-03-23T22:42:01 CET" duration-ms="4644">
    <groups>
    </groups>
    <test started-at="2023-03-23T22:41:57 CET" name="LoginTest Error" finished-at="2023-03-23T22:41:58 CET" duration-ms="997">
      <class name="TestCollection">
        <test-method is-config="true" signature="beforeMethod()[pri:0, instance:TestCollection@74e52303]" started-at="2023-03-23T22:41:57 CET" name="beforeMethod" finished-at="2023-03-23T22:41:57 CET" duration-ms="83" status="PASS">
          <reporter-output>
          </reporter-output>
        </test-method> <!-- beforeMethod -->
        <test-method signature="loginWithUsernameAndPassword(java.lang.String,java.lang.String)[pri:0, instance:TestCollection@74e52303]" started-at="2023-03-23T22:41:57 CET" name="loginWithUsernameAndPassword" data-provider="LoginTest Error" finished-at="2023-03-23T22:41:57 CET" duration-ms="274" status="PASS">
          <params>
            <param index="0">
              <value>
                <![CDATA[admin]]>
              </value>
            </param>
            <param index="1">
              <value>
                <![CDATA[invalidPassword]]>
              </value>
            </param>
          </params>
          <reporter-output>
          </reporter-output>
        </test-method> <!-- loginWithUsernameAndPassword -->
        <test-method is-config="true" signature="beforeMethod()[pri:0, instance:TestCollection@74e52303]" started-at="2023-03-23T22:41:57 CET" name="beforeMethod" finished-at="2023-03-23T22:41:57 CET" duration-ms="35" status="PASS">
          <reporter-output>
          </reporter-output>
        </test-method> <!-- beforeMethod -->
        <test-method signature="loginWithUsernameAndPassword(java.lang.String,java.lang.String)[pri:0, instance:TestCollection@74e52303]" started-at="2023-03-23T22:41:57 CET" name="loginWithUsernameAndPassword" data-provider="LoginTest Error" finished-at="2023-03-23T22:41:57 CET" duration-ms="176" status="PASS">
          <params>
            <param index="0">
              <value>
                <![CDATA[invalidUser]]>
              </value>
            </param>
            <param index="1">
              <value>
                <![CDATA[superduper]]>
              </value>
            </param>
          </params>
          <reporter-output>
          </reporter-output>
        </test-method> <!-- loginWithUsernameAndPassword -->
        <test-method is-config="true" signature="beforeMethod()[pri:0, instance:TestCollection@74e52303]" started-at="2023-03-23T22:41:57 CET" name="beforeMethod" finished-at="2023-03-23T22:41:57 CET" duration-ms="32" status="PASS">
          <reporter-output>
          </reporter-output>
        </test-method> <!-- beforeMethod -->
        <test-method signature="loginWithUsernameAndPassword(java.lang.String,java.lang.String)[pri:0, instance:TestCollection@74e52303]" started-at="2023-03-23T22:41:57 CET" name="loginWithUsernameAndPassword" data-provider="LoginTest Error" finished-at="2023-03-23T22:41:57 CET" duration-ms="167" status="PASS">
          <params>
            <param index="0">
              <value>
                <![CDATA[admin]]>
              </value>
            </param>
            <param index="1">
              <value>
                <![CDATA[Superduper]]>
              </value>
            </param>
          </params>
          <reporter-output>
          </reporter-output>
        </test-method> <!-- loginWithUsernameAndPassword -->
        <test-method is-config="true" signature="beforeMethod()[pri:0, instance:TestCollection@74e52303]" started-at="2023-03-23T22:41:57 CET" name="beforeMethod" finished-at="2023-03-23T22:41:58 CET" duration-ms="28" status="PASS">
          <reporter-output>
          </reporter-output>
        </test-method> <!-- beforeMethod -->
        <test-method signature="loginWithUsernameAndPassword(java.lang.String,java.lang.String)[pri:0, instance:TestCollection@74e52303]" started-at="2023-03-23T22:41:58 CET" name="loginWithUsernameAndPassword" data-provider="LoginTest Error" finished-at="2023-03-23T22:41:58 CET" duration-ms="171" status="PASS">
          <params>
            <param index="0">
              <value>
                <![CDATA[/]]>
              </value>
            </param>
            <param index="1">
              <value>
                <![CDATA[/]]>
              </value>
            </param>
          </params>
          <reporter-output>
          </reporter-output>
        </test-method> <!-- loginWithUsernameAndPassword -->
      </class> <!-- TestCollection -->
    </test> <!-- LoginTest Error -->
    <test started-at="2023-03-23T22:41:58 CET" name="LoginTest Success" finished-at="2023-03-23T22:41:58 CET" duration-ms="225">
      <class name="TestCollection">
        <test-method is-config="true" signature="beforeMethod()[pri:0, instance:TestCollection@1d2adfbe]" started-at="2023-03-23T22:41:58 CET" name="beforeMethod" finished-at="2023-03-23T22:41:58 CET" duration-ms="40" status="PASS">
          <reporter-output>
          </reporter-output>
        </test-method> <!-- beforeMethod -->
        <test-method signature="loginWithCorrectUsernameAndPassword()[pri:0, instance:TestCollection@1d2adfbe]" started-at="2023-03-23T22:41:58 CET" name="loginWithCorrectUsernameAndPassword" finished-at="2023-03-23T22:41:58 CET" duration-ms="184" status="PASS">
          <reporter-output>
          </reporter-output>
        </test-method> <!-- loginWithCorrectUsernameAndPassword -->
      </class> <!-- TestCollection -->
    </test> <!-- LoginTest Success -->
    <test started-at="2023-03-23T22:41:58 CET" name="CreateConnectionTest Success" finished-at="2023-03-23T22:41:59 CET" duration-ms="1070">
      <class name="TestCollection">
        <test-method is-config="true" signature="beforeMethod()[pri:0, instance:TestCollection@8f4ea7c]" started-at="2023-03-23T22:41:58 CET" name="beforeMethod" finished-at="2023-03-23T22:41:58 CET" duration-ms="41" status="PASS">
          <reporter-output>
          </reporter-output>
        </test-method> <!-- beforeMethod -->
        <test-method signature="createNewConnection()[pri:0, instance:TestCollection@8f4ea7c]" started-at="2023-03-23T22:41:58 CET" name="createNewConnection" finished-at="2023-03-23T22:41:59 CET" duration-ms="1028" status="PASS">
          <reporter-output>
          </reporter-output>
        </test-method> <!-- createNewConnection -->
      </class> <!-- TestCollection -->
    </test> <!-- CreateConnectionTest Success -->
    <test started-at="2023-03-23T22:41:59 CET" name="Create connection and validate stats" finished-at="2023-03-23T22:42:00 CET" duration-ms="997">
      <class name="TestCollection">
        <test-method is-config="true" signature="beforeMethod()[pri:0, instance:TestCollection@10e31a9a]" started-at="2023-03-23T22:41:59 CET" name="beforeMethod" finished-at="2023-03-23T22:41:59 CET" duration-ms="63" status="PASS">
          <reporter-output>
          </reporter-output>
        </test-method> <!-- beforeMethod -->
        <test-method signature="createNewConnectionAndValidateStats()[pri:0, instance:TestCollection@10e31a9a]" started-at="2023-03-23T22:41:59 CET" name="createNewConnectionAndValidateStats" finished-at="2023-03-23T22:42:00 CET" duration-ms="932" status="PASS">
          <reporter-output>
          </reporter-output>
        </test-method> <!-- createNewConnectionAndValidateStats -->
      </class> <!-- TestCollection -->
    </test> <!-- Create connection and validate stats -->
    <test started-at="2023-03-23T22:42:00 CET" name="Reset and repopulate using javascript" finished-at="2023-03-23T22:42:00 CET" duration-ms="375">
      <class name="TestCollection">
        <test-method is-config="true" signature="beforeMethod()[pri:0, instance:TestCollection@7f3b84b8]" started-at="2023-03-23T22:42:00 CET" name="beforeMethod" finished-at="2023-03-23T22:42:00 CET" duration-ms="37" status="PASS">
          <reporter-output>
          </reporter-output>
        </test-method> <!-- beforeMethod -->
        <test-method signature="javaScriptTest()[pri:0, instance:TestCollection@7f3b84b8]" started-at="2023-03-23T22:42:00 CET" name="javaScriptTest" finished-at="2023-03-23T22:42:00 CET" duration-ms="335" status="PASS">
          <reporter-output>
          </reporter-output>
        </test-method> <!-- javaScriptTest -->
      </class> <!-- TestCollection -->
    </test> <!-- Reset and repopulate using javascript -->
    <test started-at="2023-03-23T22:42:00 CET" name="Add new connection and wait for validation" finished-at="2023-03-23T22:42:01 CET" duration-ms="905">
      <class name="TestCollection">
        <test-method is-config="true" signature="setup()[pri:0, instance:TestCollection@5c33f1a9]" started-at="2023-03-23T22:41:54 CET" name="setup" finished-at="2023-03-23T22:41:57 CET" duration-ms="3041" status="PASS">
          <reporter-output>
          </reporter-output>
        </test-method> <!-- setup -->
        <test-method is-config="true" signature="beforeMethod()[pri:0, instance:TestCollection@5c33f1a9]" started-at="2023-03-23T22:42:00 CET" name="beforeMethod" finished-at="2023-03-23T22:42:00 CET" duration-ms="32" status="PASS">
          <reporter-output>
          </reporter-output>
        </test-method> <!-- beforeMethod -->
        <test-method signature="expectedConditionTest()[pri:0, instance:TestCollection@5c33f1a9]" started-at="2023-03-23T22:42:00 CET" name="expectedConditionTest" finished-at="2023-03-23T22:42:01 CET" duration-ms="873" status="PASS">
          <reporter-output>
          </reporter-output>
        </test-method> <!-- expectedConditionTest -->
        <test-method is-config="true" signature="teardown()[pri:0, instance:TestCollection@5c33f1a9]" started-at="2023-03-23T22:42:01 CET" name="teardown" finished-at="2023-03-23T22:42:02 CET" duration-ms="311" status="PASS">
          <reporter-output>
          </reporter-output>
        </test-method> <!-- teardown -->
      </class> <!-- TestCollection -->
    </test> <!-- Add new connection and wait for validation -->
  </suite> <!-- Login Test Suite -->
</testng-results>
