<?xml version="1.0" encoding="UTF-8"?>
<testsuite xmlns:xsi="http://www.w3.org/2001/XMLSchema-instance" xsi:noNamespaceSchemaLocation="https://maven.apache.org/surefire/maven-surefire-plugin/xsd/surefire-test-report-3.0.xsd" version="3.0" name="TestSuite" time="11.669" tests="10" errors="0" skipped="0" failures="1">
  <properties>
[...]
</properties>
  <testcase name="loginWithUsernameAndPassword[admin, invalidPassword](1)" classname="TestCases.TestCollection" time="0.306">
    <system-out><![CDATA[logout
Bool: false
]]></system-out>
    <system-err><![CDATA[SLF4J: Failed to load class "org.slf4j.impl.StaticLoggerBinder".
SLF4J: Defaulting to no-operation (NOP) logger implementation
SLF4J: See http://www.slf4j.org/codes.html#StaticLoggerBinder for further details.
Starting Microsoft Edge WebDriver 112.0.1722.39 (e40a520f851f31c19c0c93c4278f5b408ec37d7c) on port 42910
To submit feedback, report a bug, or suggest new features, please visit https://github.com/MicrosoftEdge/EdgeWebDriver

Only local connections are allowed.
Please see https://aka.ms/WebDriverSecurity for suggestions on keeping Microsoft Edge WebDriver safe.

Microsoft Edge WebDriver was started successfully.
apr. 12, 2023 11:30:31 P.M. org.openqa.selenium.devtools.CdpVersionFinder findNearestMatch
WARNING: Unable to find an exact match for CDP version 112, so returning the closest version found: 110
]]></system-err>
  </testcase>
  <testcase name="loginWithUsernameAndPassword[invalidUser, superduper](2)" classname="TestCases.TestCollection" time="0.208">
    <system-out><![CDATA[loginWithUsernameAndPassword: PASS
logout
Bool: false
]]></system-out>
  </testcase>
  <testcase name="loginWithUsernameAndPassword[admin, Superduper](3)" classname="TestCases.TestCollection" time="0.181">
    <system-out><![CDATA[loginWithUsernameAndPassword: PASS
logout
Bool: false
]]></system-out>
  </testcase>
  <testcase name="loginWithUsernameAndPassword[/, /](4)" classname="TestCases.TestCollection" time="0.184">
    <system-out><![CDATA[loginWithUsernameAndPassword: PASS
logout
Bool: false
]]></system-out>
  </testcase>
  <testcase name="loginWithUsernameAndPassword[admin, superduper](5)" classname="TestCases.TestCollection" time="0.244">
    <failure message="Welcome message is displayed for incorrect login data expected [false] but found [true]" type="java.lang.AssertionError"><![CDATA[java.lang.AssertionError: Welcome message is displayed for incorrect login data expected [false] but found [true]
	at org.testng.Assert.fail(Assert.java:110)
	at org.testng.Assert.failNotEquals(Assert.java:1577)
	at org.testng.Assert.assertFalse(Assert.java:78)
	at TestCases.TestCollection.loginWithUsernameAndPassword(TestCollection.java:79)
	at java.base/jdk.internal.reflect.DirectMethodHandleAccessor.invoke(DirectMethodHandleAccessor.java:104)
	at java.base/java.lang.reflect.Method.invoke(Method.java:578)
	at org.testng.internal.invokers.MethodInvocationHelper.invokeMethod(MethodInvocationHelper.java:139)
	at org.testng.internal.invokers.TestInvoker.invokeMethod(TestInvoker.java:677)
	at org.testng.internal.invokers.TestInvoker.invokeTestMethod(TestInvoker.java:221)
	at org.testng.internal.invokers.MethodRunner.runInSequence(MethodRunner.java:50)
	at org.testng.internal.invokers.TestInvoker$MethodInvocationAgent.invoke(TestInvoker.java:969)
	at org.testng.internal.invokers.TestInvoker.invokeTestMethods(TestInvoker.java:194)
	at org.testng.internal.invokers.TestMethodWorker.invokeTestMethods(TestMethodWorker.java:148)
	at org.testng.internal.invokers.TestMethodWorker.run(TestMethodWorker.java:128)
	at java.base/java.util.ArrayList.forEach(ArrayList.java:1511)
	at org.testng.TestRunner.privateRun(TestRunner.java:829)
	at org.testng.TestRunner.run(TestRunner.java:602)
	at org.testng.SuiteRunner.runTest(SuiteRunner.java:437)
	at org.testng.SuiteRunner.runSequentially(SuiteRunner.java:431)
	at org.testng.SuiteRunner.privateRun(SuiteRunner.java:391)
	at org.testng.SuiteRunner.run(SuiteRunner.java:330)
	at org.testng.SuiteRunnerWorker.runSuite(SuiteRunnerWorker.java:52)
	at org.testng.SuiteRunnerWorker.run(SuiteRunnerWorker.java:95)
	at org.testng.TestNG.runSuitesSequentially(TestNG.java:1256)
	at org.testng.TestNG.runSuitesLocally(TestNG.java:1176)
	at org.testng.TestNG.runSuites(TestNG.java:1099)
	at org.testng.TestNG.run(TestNG.java:1067)
	at org.apache.maven.surefire.testng.TestNGExecutor.run(TestNGExecutor.java:324)
	at org.apache.maven.surefire.testng.TestNGXmlTestSuite.execute(TestNGXmlTestSuite.java:74)
	at org.apache.maven.surefire.testng.TestNGProvider.invoke(TestNGProvider.java:123)
	at org.apache.maven.surefire.booter.ForkedBooter.runSuitesInProcess(ForkedBooter.java:456)
	at org.apache.maven.surefire.booter.ForkedBooter.execute(ForkedBooter.java:169)
	at org.apache.maven.surefire.booter.ForkedBooter.run(ForkedBooter.java:595)
	at org.apache.maven.surefire.booter.ForkedBooter.main(ForkedBooter.java:581)
]]></failure>
    <system-out><![CDATA[loginWithUsernameAndPassword: PASS
logout
Bool: true
]]></system-out>
  </testcase>
  <testcase name="loginWithCorrectUsernameAndPassword" classname="TestCases.TestCollection" time="0.355">
    <system-out><![CDATA[Temp screenshot saved at C:\Users\YTACK\AppData\Local\Temp\screenshot9184086079966015305.png
Final screenshot will be saved at C:\Users\YTACK\Documents\CTG\AutomationTrack\Selenium\EclipseWS\SeleniumExercises\SeleniumExercises-Maven\test-output\null.png
logout
Bool: true
]]></system-out>
  </testcase>
  <testcase name="createNewConnection" classname="TestCases.TestCollection" time="0.978">
    <system-out><![CDATA[loginWithCorrectUsernameAndPassword: PASS
logout
Validating feedback text: Connection 'Yannis Tack' added.
]]></system-out>
  </testcase>
  <testcase name="createNewConnectionAndValidateStats" classname="TestCases.TestCollection" time="1.074">
    <system-out><![CDATA[createNewConnection: PASS
logout
Validating table row count.
Validating testing stat cell.
Returning cell text for stat 'Testing'= 2
Returning cell text for stat 'Testing'= 2
]]></system-out>
  </testcase>
  <testcase name="javaScriptTest" classname="TestCases.TestCollection" time="0.357">
    <system-out><![CDATA[createNewConnectionAndValidateStats: PASS
logout
Returning cell text for stat 'Total connections'= N/A
]]></system-out>
  </testcase>
  <testcase name="expectedConditionTest" classname="TestCases.TestCollection" time="1.087">
    <system-out><![CDATA[javaScriptTest: PASS
logout
]]></system-out>
  </testcase>
</testsuite>