<?xml version="1.0" encoding="UTF-8"?>
<testng-results ignored="12" total="19" passed="7" failed="0" skipped="0">
  <reporter-output>
  </reporter-output>
  <suite started-at="2023-03-19T12:36:02 CET" name="Login Test Suite" finished-at="2023-03-19T12:36:05 CET" duration-ms="3030">
    <groups>
    </groups>
    <test started-at="2023-03-19T12:36:02 CET" name="LoginTest Error" finished-at="2023-03-19T12:36:03 CET" duration-ms="1016">
      <class name="TestCollection">
        <test-method is-config="true" signature="beforeMethod()[pri:0, instance:TestCollection@6aba2b86]" started-at="2023-03-19T12:36:02 CET" name="beforeMethod" finished-at="2023-03-19T12:36:02 CET" duration-ms="83" status="PASS">
          <reporter-output>
          </reporter-output>
        </test-method> <!-- beforeMethod -->
        <test-method signature="loginWithUsernameAndPassword(java.lang.String,java.lang.String)[pri:0, instance:TestCollection@6aba2b86]" started-at="2023-03-19T12:36:02 CET" name="loginWithUsernameAndPassword" data-provider="LoginTest Error" finished-at="2023-03-19T12:36:02 CET" duration-ms="282" status="PASS">
          <params>
            <param index="0">
              <value>
                <![CDATA[admin]]>
              </value>
            </param>
            <param index="1">
              <value>
                <![CDATA[invalidPassword]]>
              </value>
            </param>
          </params>
          <reporter-output>
          </reporter-output>
        </test-method> <!-- loginWithUsernameAndPassword -->
        <test-method is-config="true" signature="beforeMethod()[pri:0, instance:TestCollection@6aba2b86]" started-at="2023-03-19T12:36:02 CET" name="beforeMethod" finished-at="2023-03-19T12:36:02 CET" duration-ms="32" status="PASS">
          <reporter-output>
          </reporter-output>
        </test-method> <!-- beforeMethod -->
        <test-method signature="loginWithUsernameAndPassword(java.lang.String,java.lang.String)[pri:0, instance:TestCollection@6aba2b86]" started-at="2023-03-19T12:36:02 CET" name="loginWithUsernameAndPassword" data-provider="LoginTest Error" finished-at="2023-03-19T12:36:02 CET" duration-ms="177" status="PASS">
          <params>
            <param index="0">
              <value>
                <![CDATA[invalidUser]]>
              </value>
            </param>
            <param index="1">
              <value>
                <![CDATA[superduper]]>
              </value>
            </param>
          </params>
          <reporter-output>
          </reporter-output>
        </test-method> <!-- loginWithUsernameAndPassword -->
        <test-method is-config="true" signature="beforeMethod()[pri:0, instance:TestCollection@6aba2b86]" started-at="2023-03-19T12:36:02 CET" name="beforeMethod" finished-at="2023-03-19T12:36:02 CET" duration-ms="31" status="PASS">
          <reporter-output>
          </reporter-output>
        </test-method> <!-- beforeMethod -->
        <test-method signature="loginWithUsernameAndPassword(java.lang.String,java.lang.String)[pri:0, instance:TestCollection@6aba2b86]" started-at="2023-03-19T12:36:02 CET" name="loginWithUsernameAndPassword" data-provider="LoginTest Error" finished-at="2023-03-19T12:36:02 CET" duration-ms="157" status="PASS">
          <params>
            <param index="0">
              <value>
                <![CDATA[admin]]>
              </value>
            </param>
            <param index="1">
              <value>
                <![CDATA[Superduper]]>
              </value>
            </param>
          </params>
          <reporter-output>
          </reporter-output>
        </test-method> <!-- loginWithUsernameAndPassword -->
        <test-method is-config="true" signature="beforeMethod()[pri:0, instance:TestCollection@6aba2b86]" started-at="2023-03-19T12:36:02 CET" name="beforeMethod" finished-at="2023-03-19T12:36:02 CET" duration-ms="29" status="PASS">
          <reporter-output>
          </reporter-output>
        </test-method> <!-- beforeMethod -->
        <test-method signature="loginWithUsernameAndPassword(java.lang.String,java.lang.String)[pri:0, instance:TestCollection@6aba2b86]" started-at="2023-03-19T12:36:02 CET" name="loginWithUsernameAndPassword" data-provider="LoginTest Error" finished-at="2023-03-19T12:36:03 CET" duration-ms="195" status="PASS">
          <params>
            <param index="0">
              <value>
                <![CDATA[/]]>
              </value>
            </param>
            <param index="1">
              <value>
                <![CDATA[/]]>
              </value>
            </param>
          </params>
          <reporter-output>
          </reporter-output>
        </test-method> <!-- loginWithUsernameAndPassword -->
      </class> <!-- TestCollection -->
    </test> <!-- LoginTest Error -->
    <test started-at="2023-03-19T12:36:03 CET" name="LoginTest Success" finished-at="2023-03-19T12:36:03 CET" duration-ms="212">
      <class name="TestCollection">
        <test-method is-config="true" signature="beforeMethod()[pri:0, instance:TestCollection@16d04d3d]" started-at="2023-03-19T12:36:03 CET" name="beforeMethod" finished-at="2023-03-19T12:36:03 CET" duration-ms="38" status="PASS">
          <reporter-output>
          </reporter-output>
        </test-method> <!-- beforeMethod -->
        <test-method signature="loginWithCorrectUsernameAndPassword()[pri:0, instance:TestCollection@16d04d3d]" started-at="2023-03-19T12:36:03 CET" name="loginWithCorrectUsernameAndPassword" finished-at="2023-03-19T12:36:03 CET" duration-ms="173" status="PASS">
          <reporter-output>
          </reporter-output>
        </test-method> <!-- loginWithCorrectUsernameAndPassword -->
      </class> <!-- TestCollection -->
    </test> <!-- LoginTest Success -->
    <test started-at="2023-03-19T12:36:03 CET" name="CreateConnectionTest Success" finished-at="2023-03-19T12:36:04 CET" duration-ms="838">
      <class name="TestCollection">
        <test-method is-config="true" signature="beforeMethod()[pri:0, instance:TestCollection@36902638]" started-at="2023-03-19T12:36:03 CET" name="beforeMethod" finished-at="2023-03-19T12:36:03 CET" duration-ms="42" status="PASS">
          <reporter-output>
          </reporter-output>
        </test-method> <!-- beforeMethod -->
        <test-method signature="createNewConnection()[pri:0, instance:TestCollection@36902638]" started-at="2023-03-19T12:36:03 CET" name="createNewConnection" finished-at="2023-03-19T12:36:04 CET" duration-ms="796" status="PASS">
          <reporter-output>
          </reporter-output>
        </test-method> <!-- createNewConnection -->
      </class> <!-- TestCollection -->
    </test> <!-- CreateConnectionTest Success -->
    <test started-at="2023-03-19T12:36:04 CET" name="Create connection and validate stats" finished-at="2023-03-19T12:36:05 CET" duration-ms="912">
      <class name="TestCollection">
        <test-method is-config="true" signature="setup()[pri:0, instance:TestCollection@74fe5c40]" started-at="2023-03-19T12:35:59 CET" name="setup" finished-at="2023-03-19T12:36:02 CET" duration-ms="2491" status="PASS">
          <reporter-output>
          </reporter-output>
        </test-method> <!-- setup -->
        <test-method is-config="true" signature="beforeMethod()[pri:0, instance:TestCollection@74fe5c40]" started-at="2023-03-19T12:36:04 CET" name="beforeMethod" finished-at="2023-03-19T12:36:04 CET" duration-ms="43" status="PASS">
          <reporter-output>
          </reporter-output>
        </test-method> <!-- beforeMethod -->
        <test-method signature="createNewConnectionAndValidateStats()[pri:0, instance:TestCollection@74fe5c40]" started-at="2023-03-19T12:36:04 CET" name="createNewConnectionAndValidateStats" finished-at="2023-03-19T12:36:05 CET" duration-ms="869" status="PASS">
          <reporter-output>
          </reporter-output>
        </test-method> <!-- createNewConnectionAndValidateStats -->
        <test-method is-config="true" signature="teardown()[pri:0, instance:TestCollection@74fe5c40]" started-at="2023-03-19T12:36:05 CET" name="teardown" finished-at="2023-03-19T12:36:05 CET" duration-ms="281" status="PASS">
          <reporter-output>
          </reporter-output>
        </test-method> <!-- teardown -->
      </class> <!-- TestCollection -->
    </test> <!-- Create connection and validate stats -->
  </suite> <!-- Login Test Suite -->
</testng-results>
